[INFO  - 2017-09-07T12:29:12.195Z] GhostDriver - Main - running on port 37829
[INFO  - 2017-09-07T12:29:13.159Z] Session [27fa0b10-93c8-11e7-974a-55291593bd11] - page.settings - {"XSSAuditingEnabled":false,"javascriptCanCloseWindows":true,"javascriptCanOpenWindows":true,"javascriptEnabled":true,"loadImages":true,"localToRemoteUrlAccessEnabled":false,"userAgent":"Mozilla/5.0 (Windows NT 6.1; WOW64) AppleWebKit/538.1 (KHTML, like Gecko) PhantomJS/2.1.1 Safari/538.1","webSecurityEnabled":true}
[INFO  - 2017-09-07T12:29:13.160Z] Session [27fa0b10-93c8-11e7-974a-55291593bd11] - page.customHeaders:  - {}
[INFO  - 2017-09-07T12:29:13.160Z] Session [27fa0b10-93c8-11e7-974a-55291593bd11] - Session.negotiatedCapabilities - {"browserName":"phantomjs","version":"2.1.1","driverName":"ghostdriver","driverVersion":"1.2.0","platform":"windows-7-32bit","javascriptEnabled":true,"takesScreenshot":true,"handlesAlerts":false,"databaseEnabled":false,"locationContextEnabled":false,"applicationCacheEnabled":false,"browserConnectionEnabled":false,"cssSelectorsEnabled":true,"webStorageEnabled":false,"rotatable":false,"acceptSslCerts":false,"nativeEvents":true,"proxy":{"proxyType":"direct"}}
[INFO  - 2017-09-07T12:29:13.160Z] SessionManagerReqHand - _postNewSessionCommand - New Session Created: 27fa0b10-93c8-11e7-974a-55291593bd11
[INFO  - 2017-09-07T12:29:17.755Z] ShutdownReqHand - _handle - About to shutdown
[INFO  - 2017-09-07T12:29:43.140Z] GhostDriver - Main - running on port 25320
[INFO  - 2017-09-07T12:29:43.784Z] Session [3a3abe00-93c8-11e7-8d65-05d2f2c60e13] - page.settings - {"XSSAuditingEnabled":false,"javascriptCanCloseWindows":true,"javascriptCanOpenWindows":true,"javascriptEnabled":true,"loadImages":true,"localToRemoteUrlAccessEnabled":false,"userAgent":"Mozilla/5.0 (Windows NT 6.1; WOW64) AppleWebKit/538.1 (KHTML, like Gecko) PhantomJS/2.1.1 Safari/538.1","webSecurityEnabled":true}
[INFO  - 2017-09-07T12:29:43.784Z] Session [3a3abe00-93c8-11e7-8d65-05d2f2c60e13] - page.customHeaders:  - {}
[INFO  - 2017-09-07T12:29:43.784Z] Session [3a3abe00-93c8-11e7-8d65-05d2f2c60e13] - Session.negotiatedCapabilities - {"browserName":"phantomjs","version":"2.1.1","driverName":"ghostdriver","driverVersion":"1.2.0","platform":"windows-7-32bit","javascriptEnabled":true,"takesScreenshot":true,"handlesAlerts":false,"databaseEnabled":false,"locationContextEnabled":false,"applicationCacheEnabled":false,"browserConnectionEnabled":false,"cssSelectorsEnabled":true,"webStorageEnabled":false,"rotatable":false,"acceptSslCerts":false,"nativeEvents":true,"proxy":{"proxyType":"direct"}}
[INFO  - 2017-09-07T12:29:43.784Z] SessionManagerReqHand - _postNewSessionCommand - New Session Created: 3a3abe00-93c8-11e7-8d65-05d2f2c60e13
[INFO  - 2017-09-07T12:29:47.783Z] ShutdownReqHand - _handle - About to shutdown
[INFO  - 2017-09-08T09:27:19.283Z] GhostDriver - Main - running on port 28508
[INFO  - 2017-09-08T09:27:20.566Z] Session [e9f9c9d0-9477-11e7-ad5d-39dcb69198ec] - page.settings - {"XSSAuditingEnabled":false,"javascriptCanCloseWindows":true,"javascriptCanOpenWindows":true,"javascriptEnabled":true,"loadImages":true,"localToRemoteUrlAccessEnabled":false,"userAgent":"Mozilla/5.0 (Windows NT 6.1; WOW64) AppleWebKit/538.1 (KHTML, like Gecko) PhantomJS/2.1.1 Safari/538.1","webSecurityEnabled":true}
[INFO  - 2017-09-08T09:27:20.566Z] Session [e9f9c9d0-9477-11e7-ad5d-39dcb69198ec] - page.customHeaders:  - {}
[INFO  - 2017-09-08T09:27:20.566Z] Session [e9f9c9d0-9477-11e7-ad5d-39dcb69198ec] - Session.negotiatedCapabilities - {"browserName":"phantomjs","version":"2.1.1","driverName":"ghostdriver","driverVersion":"1.2.0","platform":"windows-7-32bit","javascriptEnabled":true,"takesScreenshot":true,"handlesAlerts":false,"databaseEnabled":false,"locationContextEnabled":false,"applicationCacheEnabled":false,"browserConnectionEnabled":false,"cssSelectorsEnabled":true,"webStorageEnabled":false,"rotatable":false,"acceptSslCerts":false,"nativeEvents":true,"proxy":{"proxyType":"direct"}}
[INFO  - 2017-09-08T09:27:20.566Z] SessionManagerReqHand - _postNewSessionCommand - New Session Created: e9f9c9d0-9477-11e7-ad5d-39dcb69198ec
[INFO  - 2017-09-08T09:27:23.213Z] ShutdownReqHand - _handle - About to shutdown
[INFO  - 2017-09-15T14:14:32.274Z] GhostDriver - Main - running on port 17275
[INFO  - 2017-09-15T14:14:33.286Z] Session [3254f8f0-9a20-11e7-bbf4-91637b7dc830] - page.settings - {"XSSAuditingEnabled":false,"javascriptCanCloseWindows":true,"javascriptCanOpenWindows":true,"javascriptEnabled":true,"loadImages":true,"localToRemoteUrlAccessEnabled":false,"userAgent":"Mozilla/5.0 (Windows NT 6.1; WOW64) AppleWebKit/538.1 (KHTML, like Gecko) PhantomJS/2.1.1 Safari/538.1","webSecurityEnabled":true}
[INFO  - 2017-09-15T14:14:33.286Z] Session [3254f8f0-9a20-11e7-bbf4-91637b7dc830] - page.customHeaders:  - {}
[INFO  - 2017-09-15T14:14:33.286Z] Session [3254f8f0-9a20-11e7-bbf4-91637b7dc830] - Session.negotiatedCapabilities - {"browserName":"phantomjs","version":"2.1.1","driverName":"ghostdriver","driverVersion":"1.2.0","platform":"windows-7-32bit","javascriptEnabled":true,"takesScreenshot":true,"handlesAlerts":false,"databaseEnabled":false,"locationContextEnabled":false,"applicationCacheEnabled":false,"browserConnectionEnabled":false,"cssSelectorsEnabled":true,"webStorageEnabled":false,"rotatable":false,"acceptSslCerts":false,"nativeEvents":true,"proxy":{"proxyType":"direct"}}
[INFO  - 2017-09-15T14:14:33.286Z] SessionManagerReqHand - _postNewSessionCommand - New Session Created: 3254f8f0-9a20-11e7-bbf4-91637b7dc830
[INFO  - 2017-09-15T14:14:41.470Z] ShutdownReqHand - _handle - About to shutdown
